<?xml version="1.0" encoding="UTF-8"?>
<!-- Generated by org.testng.reporters.JUnitXMLReporter -->
<testsuite ignored="7" hostname="Rajesh" failures="0" tests="1" name="Default test" time="402.068" errors="0" timestamp="2023-09-21T12:05:20 IST">
  <testcase classname="com.viniculum.ProductTest" name="verifyCodeAlreadyExistedErrorTest" time="319.06"/>
  <testcase classname="com.viniculum.ProductTest" name="verifyEditCreatedProductTest" time="0.0">
    <ignored/>
  </testcase> <!-- verifyEditCreatedProductTest -->
  <testcase classname="com.viniculum.ProductTest" name="VerifyReviewerIsAbleToRejectProductTest" time="0.0">
    <ignored/>
  </testcase> <!-- VerifyReviewerIsAbleToRejectProductTest -->
  <testcase classname="com.viniculum.ProductTest" name="verifyProductisSavedinDraftTest" time="0.0">
    <ignored/>
  </testcase> <!-- verifyProductisSavedinDraftTest -->
  <testcase classname="com.viniculum.ProductTest" name="verifyUserIsAbleToUploadFileTest" time="0.0">
    <ignored/>
  </testcase> <!-- verifyUserIsAbleToUploadFileTest -->
  <testcase classname="com.viniculum.ProductTest" name="verifyUserisAbleToSearchProductTest" time="0.0">
    <ignored/>
  </testcase> <!-- verifyUserisAbleToSearchProductTest -->
  <testcase classname="com.viniculum.ProductTest" name="verifyCreateProductTest" time="0.0">
    <ignored/>
  </testcase> <!-- verifyCreateProductTest -->
  <testcase classname="com.viniculum.ProductTest" name="verifyTheErrorMessageTest" time="0.0">
    <ignored/>
  </testcase> <!-- verifyTheErrorMessageTest -->
</testsuite> <!-- Default test -->
