<?xml version="1.0" encoding="UTF-8"?>
<testng-results ignored="0" total="1" passed="1" failed="0" skipped="0">
  <reporter-output>
  </reporter-output>
  <suite started-at="2023-09-21T16:24:04 IST" name="Default suite" finished-at="2023-09-21T16:25:26 IST" duration-ms="82273">
    <groups>
    </groups>
    <test started-at="2023-09-21T16:24:04 IST" name="Default test" finished-at="2023-09-21T16:25:26 IST" duration-ms="82273">
      <class name="com.viniculum.master.ProductMasterScript">
        <test-method is-config="true" signature="OpenBrowser()[pri:0, instance:com.viniculum.master.ProductMasterScript@304bb45b]" started-at="2023-09-21T16:24:04 IST" name="OpenBrowser" finished-at="2023-09-21T16:24:06 IST" duration-ms="2016" status="PASS">
          <reporter-output>
          </reporter-output>
        </test-method> <!-- OpenBrowser -->
        <test-method is-config="true" signature="login()[pri:0, instance:com.viniculum.master.ProductMasterScript@304bb45b]" started-at="2023-09-21T16:24:06 IST" name="login" finished-at="2023-09-21T16:24:39 IST" duration-ms="33250" status="PASS">
          <reporter-output>
          </reporter-output>
        </test-method> <!-- login -->
        <test-method signature="verifyToCreateNewCategory()[pri:0, instance:com.viniculum.master.ProductMasterScript@304bb45b]" started-at="2023-09-21T16:24:39 IST" name="verifyToCreateNewCategory" finished-at="2023-09-21T16:24:44 IST" duration-ms="5027" status="PASS">
          <reporter-output>
          </reporter-output>
        </test-method> <!-- verifyToCreateNewCategory -->
        <test-method is-config="true" signature="logout()[pri:0, instance:com.viniculum.master.ProductMasterScript@304bb45b]" started-at="2023-09-21T16:24:44 IST" name="logout" finished-at="2023-09-21T16:25:26 IST" duration-ms="41866" status="PASS">
          <reporter-output>
          </reporter-output>
        </test-method> <!-- logout -->
        <test-method is-config="true" signature="closeBrowser()[pri:0, instance:com.viniculum.master.ProductMasterScript@304bb45b]" started-at="2023-09-21T16:25:26 IST" name="closeBrowser" finished-at="2023-09-21T16:25:26 IST" duration-ms="63" status="PASS">
          <reporter-output>
          </reporter-output>
        </test-method> <!-- closeBrowser -->
      </class> <!-- com.viniculum.master.ProductMasterScript -->
    </test> <!-- Default test -->
  </suite> <!-- Default suite -->
</testng-results>
